2026-01-11 00:09:25,337 - INFO - islem basladi
2026-01-11 00:09:25,407 - INFO - Mapping CSV basariyla kaydedildi: case_09_01_2026_mapping.csv
2026-01-11 00:09:25,407 - INFO - Basarili: case_09_01_2026_anonymized.docx
2026-01-11 00:12:02,792 - INFO - islem basladi
2026-01-11 00:12:02,864 - INFO - Mapping CSV basariyla kaydedildi: case_09_01_2026_mapping.csv
2026-01-11 00:12:02,864 - INFO - Basarili: case_09_01_2026_anonymized.docx
2026-01-11 00:12:21,073 - INFO - islem basladi
2026-01-11 00:12:21,145 - INFO - Mapping CSV basariyla kaydedildi: case_09_01_2026_mapping.csv
2026-01-11 00:12:21,145 - INFO - Basarili: case_09_01_2026_anonymized.docx
2026-01-11 00:13:09,797 - INFO - islem basladi
2026-01-11 00:13:09,878 - INFO - Mapping CSV basariyla kaydedildi: case_09_01_2026_mapping.csv
2026-01-11 00:13:09,878 - INFO - Basarili: case_09_01_2026_anonymized.docx
2026-01-11 00:13:31,517 - INFO - islem basladi
2026-01-11 00:13:31,583 - INFO - Mapping CSV basariyla kaydedildi: case_09_01_2026_mapping.csv
2026-01-11 00:13:31,583 - INFO - Basarili: case_09_01_2026_anonymized.docx
2026-01-11 00:14:40,258 - INFO - islem basladi
2026-01-11 00:14:40,340 - INFO - Mapping CSV basariyla kaydedildi: case_09_01_2026_mapping.csv
2026-01-11 00:14:40,340 - INFO - Basarili: case_09_01_2026_anonymized.docx
2026-01-11 00:15:54,961 - INFO - islem basladi
2026-01-11 00:15:55,031 - INFO - Mapping CSV basariyla kaydedildi: case_09_01_2026_mapping.csv
2026-01-11 00:15:55,031 - INFO - Basarili: case_09_01_2026_anonymized.docx
2026-01-11 00:16:10,900 - INFO - islem basladi
2026-01-11 00:16:10,983 - INFO - Mapping CSV basariyla kaydedildi: case_09_01_2026_mapping.csv
2026-01-11 00:16:10,983 - INFO - Basarili: case_09_01_2026_anonymized.docx
2026-01-11 00:16:59,784 - INFO - islem basladi
2026-01-11 00:16:59,860 - INFO - Mapping CSV basariyla kaydedildi: case_09_01_2026_mapping.csv
2026-01-11 00:16:59,860 - INFO - Basarili: case_09_01_2026_anonymized.docx
2026-01-11 00:17:28,314 - INFO - islem basladi
2026-01-11 00:17:28,386 - INFO - Mapping CSV basariyla kaydedildi: case_09_01_2026_mapping.csv
2026-01-11 00:17:28,386 - INFO - Basarili: case_09_01_2026_anonymized.docx
2026-01-11 00:19:01,490 - INFO - islem basladi
2026-01-11 00:19:01,572 - INFO - Mapping CSV basariyla kaydedildi: case_09_01_2026_mapping.csv
2026-01-11 00:19:01,572 - INFO - Basarili: case_09_01_2026_anonymized.docx
2026-01-11 00:19:59,507 - INFO - islem basladi
2026-01-11 00:19:59,591 - INFO - Mapping CSV basariyla kaydedildi: case_09_01_2026_mapping.csv
2026-01-11 00:19:59,591 - INFO - Basarili: case_09_01_2026_anonymized.docx
2026-01-11 00:21:01,811 - INFO - islem basladi
2026-01-11 00:21:01,895 - INFO - Mapping CSV basariyla kaydedildi: case_09_01_2026_mapping.csv
2026-01-11 00:21:01,895 - INFO - Basarili: case_09_01_2026_anonymized.docx
2026-01-11 00:22:10,044 - INFO - islem basladi
2026-01-11 00:22:10,110 - INFO - Mapping CSV basariyla kaydedildi: case_09_01_2026_mapping.csv
2026-01-11 00:22:10,110 - INFO - Basarili: case_09_01_2026_anonymized.docx
2026-01-11 00:22:38,884 - INFO - islem basladi
2026-01-11 00:22:38,920 - ERROR - Hata olustu: Anonymizer.process_address() takes 1 positional argument but 2 were given
2026-01-11 00:22:45,369 - INFO - islem basladi
2026-01-11 00:22:45,383 - ERROR - Hata olustu: Anonymizer.process_address() takes 1 positional argument but 2 were given
2026-01-11 00:23:36,046 - INFO - islem basladi
2026-01-11 00:23:36,062 - ERROR - Hata olustu: 'Anonymizer' object has no attribute 'replace_patterns'
2026-01-11 00:24:20,277 - INFO - islem basladi
2026-01-11 00:24:20,294 - ERROR - Hata olustu: 'Anonymizer' object has no attribute 'replace_patterns'
2026-01-11 00:25:29,779 - INFO - islem basladi
2026-01-11 00:25:29,861 - INFO - Mapping CSV basariyla kaydedildi: case_09_01_2026_mapping.csv
2026-01-11 00:25:29,861 - INFO - Basarili: case_09_01_2026_anonymized.docx
2026-01-11 00:25:45,714 - INFO - islem basladi
2026-01-11 00:25:45,788 - INFO - Mapping CSV basariyla kaydedildi: case_09_01_2026_mapping.csv
2026-01-11 00:25:45,788 - INFO - Basarili: case_09_01_2026_anonymized.docx
2026-01-11 00:26:51,910 - INFO - islem basladi
2026-01-11 00:26:52,005 - INFO - Mapping CSV basariyla kaydedildi: case_09_01_2026_mapping.csv
2026-01-11 00:26:52,005 - INFO - Basarili: case_09_01_2026_anonymized.docx
2026-01-11 00:28:10,368 - INFO - islem basladi
2026-01-11 00:28:10,451 - INFO - Mapping CSV basariyla kaydedildi: case_09_01_2026_mapping.csv
2026-01-11 00:28:10,451 - INFO - Basarili: case_09_01_2026_anonymized.docx
2026-01-11 00:36:10,800 - INFO - islem basladi
2026-01-11 00:36:10,871 - INFO - Mapping CSV basariyla kaydedildi: case_09_01_2026_mapping.csv
2026-01-11 00:36:10,871 - INFO - Basarili: case_09_01_2026_anonymized.docx
2026-01-11 00:37:00,854 - INFO - islem basladi
2026-01-11 00:37:00,924 - INFO - Mapping CSV basariyla kaydedildi: case_09_01_2026_mapping.csv
2026-01-11 00:37:00,924 - INFO - Basarili: case_09_01_2026_anonymized.docx
2026-01-11 00:37:09,328 - INFO - islem basladi
2026-01-11 00:37:09,399 - INFO - Mapping CSV basariyla kaydedildi: case_09_01_2026_mapping.csv
2026-01-11 00:37:09,400 - INFO - Basarili: case_09_01_2026_anonymized.docx
2026-01-11 00:37:28,845 - INFO - islem basladi
2026-01-11 00:37:28,926 - INFO - Mapping CSV basariyla kaydedildi: results/case_09_01_2026_mapping.csv
2026-01-11 00:37:28,926 - INFO - Basarili: results/case_09_01_2026_anonymized.docx
